origin	git@github.com:Bastien18/DAI-2022-UDP-Orchestra.git (fetch)
origin	git@github.com:Bastien18/DAI-2022-UDP-Orchestra.git (push)
Starting auditor container "6ab6b4d436a4c175b6683f0ca45985422f828454a9a30a7d6614701fe5a49a99"
Starting auditor container "7f75037486f46dc19a702fdb00605a1859ead2042c60eeb39e49567313721c5f"
Starting auditor container "1b5ba0bcd235230fc438db292e1d06d46da907b2897ded6b0ea234d82d973575"
Starting auditor container "b4d53a8dcf0068c1eafbb13222fa387879b3bca2c1f395a53d0576c6a5410c77"
Starting auditor container "55274e1979b0d77365399cfff45ccd506e3e312d178a8f06c8a4168bd8957da8"
Starting auditor container "bd9600f19f89e85973205f51f35296dfbe3a0345b135e07e0b96791a76d3e4d8"
Starting auditor container "13dc28d23787e333289b74dee96b5871ac9b9084bd1ad03ba5ffedfd85f5c292"
Starting auditor container "a75091c210cac46a81094d0a282964e297f1a51a3d96025150371b88ae1a20b4"
Starting auditor container "19e37f79b7204ff4298caceac18f60e6f0861470e2b3e2eff92acc714de7f9b7"
Starting auditor container "17e68bb7df8a46d4b303489b4dded2c25df915d0c867f03539f8fe681326a892"
Starting auditor container "2a1a5c691caf7c2bd27d8c7b43e5b21bca3a30b2c8811bef06b34ef2a65c2d59"
11 containers have been started.
55274e1979b0d77365399cfff45ccd506e3e312d178a8f06c8a4168bd8957da8 : app.js,drum
17e68bb7df8a46d4b303489b4dded2c25df915d0c867f03539f8fe681326a892 : app.js,violin
a75091c210cac46a81094d0a282964e297f1a51a3d96025150371b88ae1a20b4 : app.js,trumpet
b4d53a8dcf0068c1eafbb13222fa387879b3bca2c1f395a53d0576c6a5410c77 : app.js,flute
1b5ba0bcd235230fc438db292e1d06d46da907b2897ded6b0ea234d82d973575 : app.js,drum
13dc28d23787e333289b74dee96b5871ac9b9084bd1ad03ba5ffedfd85f5c292 : app.js,piano
6ab6b4d436a4c175b6683f0ca45985422f828454a9a30a7d6614701fe5a49a99 : app.js,flute
19e37f79b7204ff4298caceac18f60e6f0861470e2b3e2eff92acc714de7f9b7 : app.js,trumpet
2a1a5c691caf7c2bd27d8c7b43e5b21bca3a30b2c8811bef06b34ef2a65c2d59 : app.js,drum
bd9600f19f89e85973205f51f35296dfbe3a0345b135e07e0b96791a76d3e4d8 : app.js,violin
7f75037486f46dc19a702fdb00605a1859ead2042c60eeb39e49567313721c5f : app.js
